2026-04-30 15:22:42 — Bridge DOWN: Unable to connect to the remote server — restarting...
2026-04-30 15:22:42 — Restart completed
2026-05-06 18:32:43 — Bridge DOWN: Unable to connect to the remote server — restarting...
2026-05-06 18:32:43 — Restart completed
2026-05-07 17:47:43 — Bridge DOWN: Unable to connect to the remote server — restarting...
2026-05-07 17:47:43 — Restart completed
2026-05-08 15:47:42 — Bridge DOWN: Unable to connect to the remote server — restarting...
2026-05-08 15:47:42 — Restart completed
2026-05-08 16:47:43 — Bridge DOWN: Unable to connect to the remote server — restarting...
2026-05-08 16:47:43 — Restart completed
2026-05-08 17:42:42 — Bridge DOWN: Unable to connect to the remote server — restarting...
2026-05-08 17:42:42 — Restart completed
2026-05-09 02:07:42 — Evolution API DOWN: {"status":500,"error":"Internal Server Error","response":{"message":"Internal Server Error"}} — starting Docker...
2026-05-11 13:17:43 — Bridge DOWN: Unable to connect to the remote server — restarting...
2026-05-11 13:17:43 — Restart completed
2026-05-14 19:02:43 — Bridge DOWN: Unable to connect to the remote server — restarting...
2026-05-14 19:02:43 — Restart completed
2026-05-18 09:57:43 — Evolution API DOWN: Unable to connect to the remote server — starting Docker...
2026-05-18 11:32:42 — Bridge DOWN: Unable to connect to the remote server — restarting...
2026-05-18 11:32:42 — Restart completed
2026-05-19 15:17:42 — Bridge DOWN: Unable to connect to the remote server — restarting...
2026-05-19 15:17:42 — Restart completed
2026-05-22 15:37:43 — Bridge DOWN: Unable to connect to the remote server — restarting...
2026-05-22 15:37:43 — Restart completed
2026-05-26 18:57:42 — Bridge DOWN: Unable to connect to the remote server — restarting...
2026-05-26 18:57:42 — Restart completed
2026-05-27 14:02:42 — Bridge DOWN: Unable to connect to the remote server — restarting...
2026-05-27 14:02:42 — Restart completed
2026-05-28 20:07:43 — Bridge DOWN: Unable to connect to the remote server — restarting...
2026-05-28 20:07:43 — Restart completed
2026-06-01 19:37:43 — Bridge DOWN: Unable to connect to the remote server — restarting...
2026-06-04 17:32:43 — Evolution API DOWN: The underlying connection was closed: The connection was closed unexpectedly. — starting Docker...
2026-06-04 20:12:42 — Bridge DOWN: Unable to connect to the remote server — restarting...
2026-06-04 20:12:42 — Restart completed
2026-06-05 13:47:42 — Bridge DOWN: Unable to connect to the remote server — restarting...
2026-06-05 13:47:42 — Restart completed
2026-06-05 13:52:42 — Bridge DOWN: Unable to connect to the remote server — restarting...
2026-06-05 13:52:42 — Restart completed
2026-06-08 10:22:42 — Bridge DOWN: Unable to connect to the remote server — restarting...
2026-06-08 10:22:42 — Restart completed
2026-06-09 10:22:42 — Bridge DOWN: Unable to connect to the remote server — restarting...
2026-06-09 10:22:42 — Restart completed
2026-06-10 14:17:43 — WeChat DOWN — relaunching...
2026-06-10 14:17:43 — WeChat relaunched and Enter sent
2026-06-10 16:52:43 — WeChat DOWN — relaunching...
2026-06-10 16:52:43 — WeChat relaunched and Enter sent
2026-06-10 16:52:43 — Bridge DOWN: Unable to connect to the remote server — restarting...
2026-06-10 16:52:43 — Restart completed
2026-06-11 17:12:42 — Bridge DOWN: Unable to connect to the remote server — restarting...
2026-06-11 17:12:42 — Restart completed
2026-06-14 20:17:43 — WeChat DOWN — relaunching...
2026-06-14 20:17:43 — WeChat relaunched and Enter sent
2026-06-14 20:17:43 — Evolution API DOWN: Unable to connect to the remote server — starting Docker...
2026-06-15 11:57:42 — WeChat DOWN — relaunching...
2026-06-15 11:57:42 — WeChat relaunched and Enter sent
2026-06-16 19:47:42 — WeChat DOWN — relaunching...
2026-06-16 19:47:42 — WeChat relaunched and Enter sent
2026-06-16 19:47:42 — Bridge DOWN: Unable to connect to the remote server — restarting...
2026-06-16 19:47:42 — Restart completed
2026-06-17 18:57:42 — WeChat DOWN — relaunching...
2026-06-17 18:57:42 — WeChat relaunched and Enter sent
2026-06-17 18:57:42 — Bridge DOWN: Unable to connect to the remote server — restarting...
2026-06-17 18:57:42 — Restart completed
2026-06-18 10:47:42 — WeChat DOWN — relaunching...
2026-06-18 10:47:42 — WeChat relaunched and Enter sent
2026-06-18 10:47:42 — Bridge DOWN: Unable to connect to the remote server — restarting...
2026-06-18 10:47:42 — Restart completed
2026-06-18 16:02:42 — WeChat DOWN — relaunching...
2026-06-18 16:02:42 — WeChat relaunched and Enter sent
2026-06-18 16:02:42 — Bridge DOWN: Unable to connect to the remote server — restarting...
2026-06-18 16:02:42 — Restart completed
2026-06-24 10:56:02 — WeChat DOWN — relaunching...
2026-06-24 10:56:02 — WeChat relaunched and Enter sent
2026-06-24 10:56:02 — Bridge DOWN: Unable to connect to the remote server — restarting...
2026-06-24 10:56:02 — Restart completed
2026-06-24 16:22:42 — WeChat DOWN — relaunching...
2026-06-24 16:22:42 — WeChat relaunched and Enter sent
2026-06-26 10:52:42 — WeChat DOWN — relaunching...
2026-06-26 10:52:42 — WeChat relaunched and Enter sent
2026-06-26 10:52:42 — Evolution API DOWN: Unable to connect to the remote server — starting Docker...
2026-06-26 10:52:42 — Bridge DOWN: Unable to connect to the remote server — restarting...
2026-06-26 10:52:42 — Restart completed
2026-06-26 14:57:42 — WeChat DOWN — relaunching...
2026-06-26 14:57:42 — WeChat relaunched and Enter sent
2026-06-26 14:57:42 — Bridge DOWN: Unable to connect to the remote server — restarting...
2026-06-26 14:57:42 — Restart completed
2026-06-26 15:42:42 — WeChat DOWN — relaunching...
2026-06-29 18:57:43 — WeChat DOWN — relaunching...
2026-06-29 18:57:43 — WeChat relaunched and Enter sent
2026-06-30 18:37:42 — WeChat DOWN — relaunching...
2026-06-30 18:37:42 — WeChat relaunched and Enter sent
2026-06-30 18:37:42 — Bridge DOWN: Unable to connect to the remote server — restarting...
2026-06-30 18:37:42 — Restart completed
2026-06-30 18:42:42 — WeChat DOWN — relaunching...
2026-06-30 18:42:42 — WeChat relaunched and Enter sent
2026-07-01 16:17:43 — Bridge DOWN: Unable to connect to the remote server — restarting...
2026-07-01 16:17:43 — Restart completed
2026-07-01 16:22:43 — Bridge DOWN: Unable to connect to the remote server — restarting...
2026-07-01 16:22:43 — Restart completed
2026-07-08 12:10:16 — WeChat DOWN — relaunching...
2026-07-08 12:10:16 — WeChat relaunched and Enter sent
2026-07-08 22:55:16 — WeChat DOWN — relaunching...
2026-07-08 22:55:16 — WeChat relaunched and Enter sent
2026-07-09 12:20:16 — WeChat DOWN — relaunching...
2026-07-09 12:20:16 — WeChat relaunched and Enter sent
2026-07-09 12:20:16 — Bridge DOWN: Unable to connect to the remote server — restarting...
2026-07-09 12:20:16 — Restart completed
